[8332:4844:0819/140207:INFO:AppRunner.cpp(619)] Begin run process geeplayer
[8332:4844:0819/140207:INFO:AppRunner.cpp(623)] ProductName is GeePlayer1
[8332:4844:0819/140207:INFO:AppRunner.cpp(662)] apppluginbase version is 4.3.4.80
[8332:4844:0819/140207:INFO:UIlib.cpp(192)] quilib: version is 4.3.4.78
[8332:4844:0819/140207:INFO:serviceManager.cpp(687)] mainprocessisrunning key is set as 1
[8332:4844:0819/140207:INFO:serviceManager.cpp(800)] create local service plugin PluginServerStatePlugin
[8332:4844:0819/140207:INFO:serviceManager.cpp(857)] plugin PluginServerStatePlugin DoPluginInit
[8332:4844:0819/140207:INFO:serviceManager.cpp(1523)] repository parse over
[5236:3444:0819/140211:INFO:AppRunner.cpp(619)] Begin run process geeplayer
[5236:3444:0819/140211:INFO:AppRunner.cpp(623)] ProductName is GeePlayer2
[5236:3444:0819/140211:INFO:AppRunner.cpp(662)] apppluginbase version is 4.3.4.80
[5236:3444:0819/140211:INFO:UIlib.cpp(192)] quilib: version is 4.3.4.78
[5236:3444:0819/140211:INFO:serviceManager.cpp(687)] mainprocessisrunning key is set as 1
[5236:3444:0819/140211:INFO:serviceManager.cpp(800)] create local service plugin PluginServerStatePlugin
[5236:3444:0819/140211:INFO:serviceManager.cpp(694)] service recordPluginServerStatePlugin is dirty old runPID:8332 , right pid:5236 , arrPeerInfo Size:0
[5236:3444:0819/140211:INFO:serviceManager.cpp(704)] service table: name:PluginServerStatePlugin runpid:8332 plugin:008E9FA8, 
[5236:3444:0819/140211:INFO:serviceManager.cpp(857)] plugin PluginServerStatePlugin DoPluginInit
[5236:3444:0819/140211:INFO:serviceManager.cpp(1523)] repository parse over
[6068:7364:0819/140231:INFO:AppRunner.cpp(619)] Begin run process geeplayer
[6068:7364:0819/140232:INFO:AppRunner.cpp(623)] ProductName is GeePlayer3
[6068:7364:0819/140232:INFO:AppRunner.cpp(662)] apppluginbase version is 4.3.4.80
[6068:7364:0819/140232:INFO:UIlib.cpp(192)] quilib: version is 4.3.4.78
[6068:7364:0819/140232:INFO:serviceManager.cpp(687)] mainprocessisrunning key is set as 1
[6068:7364:0819/140232:INFO:serviceManager.cpp(800)] create local service plugin PluginServerStatePlugin
[6068:7364:0819/140232:INFO:serviceManager.cpp(694)] service recordPluginServerStatePlugin is dirty old runPID:5236 , right pid:6068 , arrPeerInfo Size:0
[6068:7364:0819/140232:INFO:serviceManager.cpp(704)] service table: name:PluginServerStatePlugin runpid:5236 plugin:00969FF8, 
[6068:7364:0819/140232:INFO:serviceManager.cpp(857)] plugin PluginServerStatePlugin DoPluginInit
[6068:7364:0819/140232:INFO:serviceManager.cpp(1523)] repository parse over
[2400:4248:0819/140237:INFO:AppRunner.cpp(619)] Begin run process geeplayer
[2400:4248:0819/140237:INFO:AppRunner.cpp(623)] ProductName is GeePlayer4
[2400:4248:0819/140237:INFO:AppRunner.cpp(662)] apppluginbase version is 4.3.4.80
[2400:4248:0819/140237:INFO:UIlib.cpp(192)] quilib: version is 4.3.4.78
[2400:4248:0819/140237:INFO:serviceManager.cpp(687)] mainprocessisrunning key is set as 1
[2400:4248:0819/140237:INFO:serviceManager.cpp(800)] create local service plugin PluginServerStatePlugin
[2400:4248:0819/140237:INFO:serviceManager.cpp(694)] service recordPluginServerStatePlugin is dirty old runPID:6068 , right pid:2400 , arrPeerInfo Size:0
[2400:4248:0819/140237:INFO:serviceManager.cpp(704)] service table: name:PluginServerStatePlugin runpid:6068 plugin:00BE9FA8, 
[2400:4248:0819/140237:INFO:serviceManager.cpp(857)] plugin PluginServerStatePlugin DoPluginInit
[2400:4248:0819/140237:INFO:serviceManager.cpp(1523)] repository parse over
[2400:4248:0819/140242:INFO:UIManager.cpp(372)] quilib:call set resouce path, path is c:\program files (x86)\iqiyi video\geeplayer\skin
[2400:4248:0819/140242:INFO:UIDlgBuilder.cpp(407)] quilib:create root control failed
[2400:4248:0819/140242:INFO:UIDlgBuilder.cpp(407)] quilib:create root control failed
[2400:4248:0819/140242:INFO:UIDlgBuilder.cpp(407)] quilib:create root control failed
[2400:4248:0819/140242:INFO:UIDlgBuilder.cpp(407)] quilib:create root control failed
[2400:4248:0819/140242:INFO:UIDlgBuilder.cpp(407)] quilib:create root control failed
[2400:4248:0819/140242:INFO:UIDlgBuilder.cpp(407)] quilib:create root control failed
[8332:4844:0819/140242:INFO:UIManager.cpp(372)] quilib:call set resouce path, path is c:\program files (x86)\iqiyi video\geeplayer\skin
[8332:4844:0819/140242:INFO:UIDlgBuilder.cpp(407)] quilib:create root control failed
[8332:4844:0819/140242:INFO:UIDlgBuilder.cpp(407)] quilib:create root control failed
[8332:4844:0819/140242:INFO:UIDlgBuilder.cpp(407)] quilib:create root control failed
[8332:4844:0819/140242:INFO:UIDlgBuilder.cpp(407)] quilib:create root control failed
[8332:4844:0819/140242:INFO:UIDlgBuilder.cpp(407)] quilib:create root control failed
[8332:4844:0819/140242:INFO:UIDlgBuilder.cpp(407)] quilib:create root control failed
[5236:3444:0819/140242:INFO:UIManager.cpp(372)] quilib:call set resouce path, path is c:\program files (x86)\iqiyi video\geeplayer\skin
[5236:3444:0819/140242:INFO:UIDlgBuilder.cpp(407)] quilib:create root control failed
[5236:3444:0819/140242:INFO:UIDlgBuilder.cpp(407)] quilib:create root control failed
[5236:3444:0819/140242:INFO:UIDlgBuilder.cpp(407)] quilib:create root control failed
[5236:3444:0819/140242:INFO:UIDlgBuilder.cpp(407)] quilib:create root control failed
[5236:3444:0819/140242:INFO:UIDlgBuilder.cpp(407)] quilib:create root control failed
[5236:3444:0819/140242:INFO:UIDlgBuilder.cpp(407)] quilib:create root control failed
[6068:7364:0819/140242:INFO:UIManager.cpp(372)] quilib:call set resouce path, path is c:\program files (x86)\iqiyi video\geeplayer\skin
[6068:7364:0819/140242:INFO:UIDlgBuilder.cpp(407)] quilib:create root control failed
[6068:7364:0819/140242:INFO:UIDlgBuilder.cpp(407)] quilib:create root control failed
[6068:7364:0819/140242:INFO:UIDlgBuilder.cpp(407)] quilib:create root control failed
[6068:7364:0819/140242:INFO:UIDlgBuilder.cpp(407)] quilib:create root control failed
[6068:7364:0819/140242:INFO:UIDlgBuilder.cpp(407)] quilib:create root control failed
[6068:7364:0819/140242:INFO:UIDlgBuilder.cpp(407)] quilib:create root control failed
[6068:7364:0819/140252:INFO:AppRunner.cpp(715)] loop exit geeplayer call main plugin DestoryPluginEntry
[6068:7364:0819/140252:INFO:IPlugin.cpp(117)] real plugin mainPlugin call DestroyPlugin
[6068:7364:0819/140252:INFO:IPlugin.cpp(374)] destruct plugin mainPlugin
[6068:7364:0819/140252:INFO:serviceManager.cpp(1608)] mainPlugin plugin had destroy by DestructPlugin
[6068:7364:0819/140252:INFO:serviceManager.cpp(2532)] DestructManager begin
[6068:7364:0819/140252:INFO:IPlugin.cpp(374)] destruct plugin PluginServerStatePlugin
[6068:7364:0819/140252:INFO:IPlugin.cpp(286)] real plugin PluginServerStatePlugin call DestroyPlugin
[6068:7364:0819/140252:INFO:serviceManager.cpp(1608)] PluginServerStatePlugin plugin had destroy by DestructPlugin
[6068:7364:0819/140252:INFO:serviceManager.cpp(2408)] DeleteLeftPlugins begin
[6068:7364:0819/140252:INFO:serviceManager.cpp(2470)] DeleteLeftPlugins end
[6068:7364:0819/140252:INFO:serviceManager.cpp(687)] mainprocessisrunning key is set as 0
[6068:7364:0819/140252:INFO:AppRunner.cpp(730)] close mutex of process geeplayer
[6068:7364:0819/140252:INFO:AppRunner.cpp(738)] run process geeplayer end
[5236:3444:0819/140254:INFO:AppRunner.cpp(715)] loop exit geeplayer call main plugin DestoryPluginEntry
[5236:3444:0819/140254:INFO:IPlugin.cpp(117)] real plugin mainPlugin call DestroyPlugin
[5236:3444:0819/140254:INFO:IPlugin.cpp(374)] destruct plugin mainPlugin
[5236:3444:0819/140254:INFO:serviceManager.cpp(1608)] mainPlugin plugin had destroy by DestructPlugin
[5236:3444:0819/140254:INFO:serviceManager.cpp(2532)] DestructManager begin
[5236:3444:0819/140254:INFO:IPlugin.cpp(374)] destruct plugin PluginServerStatePlugin
[5236:3444:0819/140254:INFO:IPlugin.cpp(286)] real plugin PluginServerStatePlugin call DestroyPlugin
[5236:3444:0819/140254:INFO:serviceManager.cpp(1608)] PluginServerStatePlugin plugin had destroy by DestructPlugin
[5236:3444:0819/140254:INFO:serviceManager.cpp(2408)] DeleteLeftPlugins begin
[5236:3444:0819/140254:INFO:serviceManager.cpp(2470)] DeleteLeftPlugins end
[5236:3444:0819/140254:INFO:serviceManager.cpp(687)] mainprocessisrunning key is set as 0
[5236:3444:0819/140254:INFO:AppRunner.cpp(730)] close mutex of process geeplayer
[5236:3444:0819/140254:INFO:AppRunner.cpp(738)] run process geeplayer end
[8332:4844:0819/140255:INFO:AppRunner.cpp(715)] loop exit geeplayer call main plugin DestoryPluginEntry
[8332:4844:0819/140255:INFO:IPlugin.cpp(117)] real plugin mainPlugin call DestroyPlugin
[8332:4844:0819/140255:INFO:IPlugin.cpp(374)] destruct plugin mainPlugin
[8332:4844:0819/140255:INFO:serviceManager.cpp(1608)] mainPlugin plugin had destroy by DestructPlugin
[8332:4844:0819/140255:INFO:serviceManager.cpp(2532)] DestructManager begin
[8332:4844:0819/140255:INFO:IPlugin.cpp(374)] destruct plugin PluginServerStatePlugin
[8332:4844:0819/140255:INFO:IPlugin.cpp(286)] real plugin PluginServerStatePlugin call DestroyPlugin
[8332:4844:0819/140255:INFO:serviceManager.cpp(1608)] PluginServerStatePlugin plugin had destroy by DestructPlugin
[8332:4844:0819/140255:INFO:serviceManager.cpp(2408)] DeleteLeftPlugins begin
[8332:4844:0819/140255:INFO:serviceManager.cpp(2470)] DeleteLeftPlugins end
[8332:4844:0819/140255:INFO:serviceManager.cpp(687)] mainprocessisrunning key is set as 0
[8332:4844:0819/140255:INFO:AppRunner.cpp(730)] close mutex of process geeplayer
[8332:4844:0819/140255:INFO:AppRunner.cpp(738)] run process geeplayer end
[2400:4248:0819/140255:INFO:AppRunner.cpp(715)] loop exit geeplayer call main plugin DestoryPluginEntry
[2400:4248:0819/140255:INFO:IPlugin.cpp(117)] real plugin mainPlugin call DestroyPlugin
[2400:4248:0819/140255:INFO:IPlugin.cpp(374)] destruct plugin mainPlugin
[2400:4248:0819/140255:INFO:serviceManager.cpp(1608)] mainPlugin plugin had destroy by DestructPlugin
[2400:4248:0819/140255:INFO:serviceManager.cpp(2532)] DestructManager begin
[2400:4248:0819/140255:INFO:IPlugin.cpp(374)] destruct plugin PluginServerStatePlugin
[2400:4248:0819/140255:INFO:IPlugin.cpp(286)] real plugin PluginServerStatePlugin call DestroyPlugin
[2400:4248:0819/140255:INFO:serviceManager.cpp(1608)] PluginServerStatePlugin plugin had destroy by DestructPlugin
[2400:4248:0819/140255:INFO:serviceManager.cpp(2408)] DeleteLeftPlugins begin
[2400:4248:0819/140255:INFO:serviceManager.cpp(2470)] DeleteLeftPlugins end
[2400:4248:0819/140255:INFO:serviceManager.cpp(687)] mainprocessisrunning key is set as 0
[2400:4248:0819/140255:INFO:AppRunner.cpp(730)] close mutex of process geeplayer
[2400:4248:0819/140255:INFO:AppRunner.cpp(738)] run process geeplayer end
