[9056:8788:0819/154808:INFO:AppRunner.cpp(619)] Begin run process geeplayer
[9056:8788:0819/154808:INFO:AppRunner.cpp(623)] ProductName is GeePlayer1
[9056:8788:0819/154808:INFO:AppRunner.cpp(662)] apppluginbase version is 4.3.4.80
[9056:8788:0819/154808:INFO:UIlib.cpp(192)] quilib: version is 4.3.4.78
[9056:8788:0819/154808:INFO:serviceManager.cpp(687)] mainprocessisrunning key is set as 1
[9056:8788:0819/154808:INFO:serviceManager.cpp(800)] create local service plugin PluginServerStatePlugin
[9056:8788:0819/154808:INFO:serviceManager.cpp(857)] plugin PluginServerStatePlugin DoPluginInit
[9056:8788:0819/154808:INFO:serviceManager.cpp(1523)] repository parse over
[9056:8788:0819/154814:INFO:UIManager.cpp(372)] quilib:call set resouce path, path is c:\program files (x86)\iqiyi video\geeplayer\skin
[9056:8788:0819/154814:INFO:UIDlgBuilder.cpp(407)] quilib:create root control failed
[9056:8788:0819/154814:INFO:UIDlgBuilder.cpp(407)] quilib:create root control failed
[9056:8788:0819/154814:INFO:UIDlgBuilder.cpp(407)] quilib:create root control failed
[9056:8788:0819/154814:INFO:UIDlgBuilder.cpp(407)] quilib:create root control failed
[9056:8788:0819/154814:INFO:UIDlgBuilder.cpp(407)] quilib:create root control failed
[9056:8788:0819/154814:INFO:UIDlgBuilder.cpp(407)] quilib:create root control failed
[9056:8788:0819/154817:INFO:AppRunner.cpp(715)] loop exit geeplayer call main plugin DestoryPluginEntry
[9056:8788:0819/154817:INFO:IPlugin.cpp(117)] real plugin mainPlugin call DestroyPlugin
[9056:8788:0819/154817:INFO:IPlugin.cpp(374)] destruct plugin mainPlugin
[9056:8788:0819/154817:INFO:serviceManager.cpp(1608)] mainPlugin plugin had destroy by DestructPlugin
[9056:8788:0819/154817:INFO:serviceManager.cpp(2532)] DestructManager begin
[9056:8788:0819/154817:INFO:IPlugin.cpp(374)] destruct plugin PluginServerStatePlugin
[9056:8788:0819/154817:INFO:IPlugin.cpp(286)] real plugin PluginServerStatePlugin call DestroyPlugin
[9056:8788:0819/154817:INFO:serviceManager.cpp(1608)] PluginServerStatePlugin plugin had destroy by DestructPlugin
[9056:8788:0819/154817:INFO:serviceManager.cpp(2408)] DeleteLeftPlugins begin
[9056:8788:0819/154817:INFO:serviceManager.cpp(2470)] DeleteLeftPlugins end
[9056:8788:0819/154817:INFO:serviceManager.cpp(687)] mainprocessisrunning key is set as 0
[9056:8788:0819/154817:INFO:AppRunner.cpp(730)] close mutex of process geeplayer
[9056:8788:0819/154817:INFO:AppRunner.cpp(738)] run process geeplayer end
[7464:8000:0819/154818:INFO:AppRunner.cpp(619)] Begin run process geeplayer
[7464:8000:0819/154818:INFO:AppRunner.cpp(623)] ProductName is GeePlayer1
[7464:8000:0819/154818:INFO:AppRunner.cpp(662)] apppluginbase version is 4.3.4.80
[7464:8000:0819/154819:INFO:UIlib.cpp(192)] quilib: version is 4.3.4.78
[7464:8000:0819/154819:INFO:serviceManager.cpp(687)] mainprocessisrunning key is set as 1
[7464:8000:0819/154819:INFO:serviceManager.cpp(800)] create local service plugin PluginServerStatePlugin
[7464:8000:0819/154819:INFO:serviceManager.cpp(857)] plugin PluginServerStatePlugin DoPluginInit
[7464:8000:0819/154819:INFO:serviceManager.cpp(1523)] repository parse over
[7464:8000:0819/154819:INFO:UIManager.cpp(372)] quilib:call set resouce path, path is c:\program files (x86)\iqiyi video\geeplayer\skin
[7464:8000:0819/154819:INFO:UIDlgBuilder.cpp(407)] quilib:create root control failed
[7464:8000:0819/154819:INFO:UIDlgBuilder.cpp(407)] quilib:create root control failed
[7464:8000:0819/154819:INFO:UIDlgBuilder.cpp(407)] quilib:create root control failed
[7464:8000:0819/154819:INFO:UIDlgBuilder.cpp(407)] quilib:create root control failed
[7464:8000:0819/154819:INFO:UIDlgBuilder.cpp(407)] quilib:create root control failed
[7464:8000:0819/154819:INFO:UIDlgBuilder.cpp(407)] quilib:create root control failed
[7464:8000:0819/154822:INFO:AppRunner.cpp(715)] loop exit geeplayer call main plugin DestoryPluginEntry
[7464:8000:0819/154822:INFO:IPlugin.cpp(117)] real plugin mainPlugin call DestroyPlugin
[7464:8000:0819/154822:INFO:IPlugin.cpp(374)] destruct plugin mainPlugin
[7464:8000:0819/154822:INFO:serviceManager.cpp(1608)] mainPlugin plugin had destroy by DestructPlugin
[7464:8000:0819/154822:INFO:serviceManager.cpp(2532)] DestructManager begin
[7464:8000:0819/154822:INFO:IPlugin.cpp(374)] destruct plugin PluginServerStatePlugin
[7464:8000:0819/154822:INFO:IPlugin.cpp(286)] real plugin PluginServerStatePlugin call DestroyPlugin
[7464:8000:0819/154822:INFO:serviceManager.cpp(1608)] PluginServerStatePlugin plugin had destroy by DestructPlugin
[7464:8000:0819/154822:INFO:serviceManager.cpp(2408)] DeleteLeftPlugins begin
[7464:8000:0819/154822:INFO:serviceManager.cpp(2470)] DeleteLeftPlugins end
[7464:8000:0819/154822:INFO:serviceManager.cpp(687)] mainprocessisrunning key is set as 0
[7464:8000:0819/154822:INFO:AppRunner.cpp(730)] close mutex of process geeplayer
[7464:8000:0819/154822:INFO:AppRunner.cpp(738)] run process geeplayer end
[3216:7956:0819/154850:INFO:AppRunner.cpp(619)] Begin run process geeplayer
[3216:7956:0819/154850:INFO:AppRunner.cpp(623)] ProductName is GeePlayer1
[3216:7956:0819/154850:INFO:AppRunner.cpp(662)] apppluginbase version is 4.3.4.80
[3216:7956:0819/154850:INFO:UIlib.cpp(192)] quilib: version is 4.3.4.78
[3216:7956:0819/154850:INFO:serviceManager.cpp(687)] mainprocessisrunning key is set as 1
[3216:7956:0819/154850:INFO:serviceManager.cpp(800)] create local service plugin PluginServerStatePlugin
[3216:7956:0819/154850:INFO:serviceManager.cpp(857)] plugin PluginServerStatePlugin DoPluginInit
[3216:7956:0819/154850:INFO:serviceManager.cpp(1523)] repository parse over
[3216:7956:0819/154850:INFO:UIManager.cpp(372)] quilib:call set resouce path, path is c:\program files (x86)\iqiyi video\geeplayer\skin
[3216:7956:0819/154850:INFO:UIDlgBuilder.cpp(407)] quilib:create root control failed
[3216:7956:0819/154850:INFO:UIDlgBuilder.cpp(407)] quilib:create root control failed
[3216:7956:0819/154850:INFO:UIDlgBuilder.cpp(407)] quilib:create root control failed
[3216:7956:0819/154850:INFO:UIDlgBuilder.cpp(407)] quilib:create root control failed
[3216:7956:0819/154850:INFO:UIDlgBuilder.cpp(407)] quilib:create root control failed
[3216:7956:0819/154850:INFO:UIDlgBuilder.cpp(407)] quilib:create root control failed
[3216:7956:0819/154856:INFO:AppRunner.cpp(715)] loop exit geeplayer call main plugin DestoryPluginEntry
[3216:7956:0819/154856:INFO:IPlugin.cpp(117)] real plugin mainPlugin call DestroyPlugin
[3216:7956:0819/154856:INFO:IPlugin.cpp(374)] destruct plugin mainPlugin
[3216:7956:0819/154856:INFO:serviceManager.cpp(1608)] mainPlugin plugin had destroy by DestructPlugin
[3216:7956:0819/154856:INFO:serviceManager.cpp(2532)] DestructManager begin
[3216:7956:0819/154856:INFO:IPlugin.cpp(374)] destruct plugin PluginServerStatePlugin
[3216:7956:0819/154856:INFO:IPlugin.cpp(286)] real plugin PluginServerStatePlugin call DestroyPlugin
[3216:7956:0819/154856:INFO:serviceManager.cpp(1608)] PluginServerStatePlugin plugin had destroy by DestructPlugin
[3216:7956:0819/154856:INFO:serviceManager.cpp(2408)] DeleteLeftPlugins begin
[3216:7956:0819/154856:INFO:serviceManager.cpp(2470)] DeleteLeftPlugins end
[3216:7956:0819/154856:INFO:serviceManager.cpp(687)] mainprocessisrunning key is set as 0
[3216:7956:0819/154856:INFO:AppRunner.cpp(730)] close mutex of process geeplayer
[3216:7956:0819/154856:INFO:AppRunner.cpp(738)] run process geeplayer end
[6164:5088:0819/162404:INFO:AppRunner.cpp(619)] Begin run process geeplayer
[6164:5088:0819/162404:INFO:AppRunner.cpp(623)] ProductName is GeePlayer1
[6164:5088:0819/162404:INFO:AppRunner.cpp(662)] apppluginbase version is 4.3.4.80
[6164:5088:0819/162404:INFO:UIlib.cpp(192)] quilib: version is 4.3.4.78
[6164:5088:0819/162404:INFO:serviceManager.cpp(687)] mainprocessisrunning key is set as 1
[6164:5088:0819/162404:INFO:serviceManager.cpp(800)] create local service plugin PluginServerStatePlugin
[6164:5088:0819/162404:INFO:serviceManager.cpp(857)] plugin PluginServerStatePlugin DoPluginInit
[6164:5088:0819/162404:INFO:serviceManager.cpp(1523)] repository parse over
[6164:5088:0819/162413:INFO:UIManager.cpp(372)] quilib:call set resouce path, path is c:\program files (x86)\iqiyi video\geeplayer\skin
[6164:5088:0819/162413:INFO:UIDlgBuilder.cpp(407)] quilib:create root control failed
[6164:5088:0819/162413:INFO:UIDlgBuilder.cpp(407)] quilib:create root control failed
[6164:5088:0819/162413:INFO:UIDlgBuilder.cpp(407)] quilib:create root control failed
[6164:5088:0819/162413:INFO:UIDlgBuilder.cpp(407)] quilib:create root control failed
[6164:5088:0819/162413:INFO:UIDlgBuilder.cpp(407)] quilib:create root control failed
[6164:5088:0819/162413:INFO:UIDlgBuilder.cpp(407)] quilib:create root control failed
[6164:5088:0819/162418:INFO:AppRunner.cpp(715)] loop exit geeplayer call main plugin DestoryPluginEntry
[6164:5088:0819/162418:INFO:IPlugin.cpp(117)] real plugin mainPlugin call DestroyPlugin
[6164:5088:0819/162418:INFO:IPlugin.cpp(374)] destruct plugin mainPlugin
[6164:5088:0819/162418:INFO:serviceManager.cpp(1608)] mainPlugin plugin had destroy by DestructPlugin
[6164:5088:0819/162418:INFO:serviceManager.cpp(2532)] DestructManager begin
[6164:5088:0819/162418:INFO:IPlugin.cpp(374)] destruct plugin PluginServerStatePlugin
[6164:5088:0819/162418:INFO:IPlugin.cpp(286)] real plugin PluginServerStatePlugin call DestroyPlugin
[6164:5088:0819/162418:INFO:serviceManager.cpp(1608)] PluginServerStatePlugin plugin had destroy by DestructPlugin
[6164:5088:0819/162418:INFO:serviceManager.cpp(2408)] DeleteLeftPlugins begin
[6164:5088:0819/162418:INFO:serviceManager.cpp(2470)] DeleteLeftPlugins end
[6164:5088:0819/162418:INFO:serviceManager.cpp(687)] mainprocessisrunning key is set as 0
[6164:5088:0819/162418:INFO:AppRunner.cpp(730)] close mutex of process geeplayer
[6164:5088:0819/162418:INFO:AppRunner.cpp(738)] run process geeplayer end
